<?xml version="1.0" encoding="UTF-8"?>
<!-- Generated by org.testng.reporters.JUnitXMLReporter -->
<testsuite hostname="MLPT003" ignored="0" name="Test" tests="4" failures="0" timestamp="2020-01-27T16:48:16 IST" time="0.072" errors="0">
  <testcase name="browserAutomation" time="0.007" classname="com.mv.app.SeleniumTest"/>
  <testcase name="elementsUI" time="0.0" classname="com.mv.app.SeleniumTest"/>
  <testcase name="deleteTwitter" time="0.0" classname="com.mv.app.RestApiTest"/>
  <testcase name="postJira" time="0.0" classname="com.mv.app.RestApiTest"/>
</testsuite> <!-- Test -->
