<?xml version="1.0" encoding="UTF-8"?>
<testng-results skipped="0" failed="0" ignored="0" total="4" passed="4">
  <reporter-output>
  </reporter-output>
  <suite name="Suite" duration-ms="72" started-at="2020-01-27T16:48:15 IST" finished-at="2020-01-27T16:48:16 IST">
    <groups>
    </groups>
    <test name="Test" duration-ms="72" started-at="2020-01-27T16:48:15 IST" finished-at="2020-01-27T16:48:16 IST">
      <class name="com.mv.app.SeleniumTest">
        <test-method status="PASS" signature="browserAutomation()[pri:0, instance:com.mv.app.SeleniumTest@2ac273d3]" name="browserAutomation" duration-ms="7" started-at="2020-01-27T16:48:16 IST" finished-at="2020-01-27T16:48:16 IST">
          <reporter-output>
          </reporter-output>
        </test-method> <!-- browserAutomation -->
        <test-method status="PASS" signature="elementsUI()[pri:0, instance:com.mv.app.SeleniumTest@2ac273d3]" name="elementsUI" duration-ms="0" started-at="2020-01-27T16:48:16 IST" finished-at="2020-01-27T16:48:16 IST">
          <reporter-output>
          </reporter-output>
        </test-method> <!-- elementsUI -->
      </class> <!-- com.mv.app.SeleniumTest -->
      <class name="com.mv.app.RestApiTest">
        <test-method status="PASS" signature="deleteTwitter()[pri:0, instance:com.mv.app.RestApiTest@71423665]" name="deleteTwitter" duration-ms="0" started-at="2020-01-27T16:48:16 IST" finished-at="2020-01-27T16:48:16 IST">
          <reporter-output>
          </reporter-output>
        </test-method> <!-- deleteTwitter -->
        <test-method status="PASS" signature="postJira()[pri:0, instance:com.mv.app.RestApiTest@71423665]" name="postJira" duration-ms="0" started-at="2020-01-27T16:48:16 IST" finished-at="2020-01-27T16:48:16 IST">
          <reporter-output>
          </reporter-output>
        </test-method> <!-- postJira -->
      </class> <!-- com.mv.app.RestApiTest -->
    </test> <!-- Test -->
  </suite> <!-- Suite -->
</testng-results>
